Directory is /home/songpengcheng/project/SAM_torch
This job runs on the following nodes: g0011
This job has allocated 1 cpu cores.
---------------------------------------------
Time is Thu Jan 9 11:41:07 CST 2025
=========================== Starting data generation ===========================
Dataset Size: torch.Size([100000, 343, 3])
Dim: 3
Num of Total Particles: 343
Num of SB-SAM Particles: 343
Total time = 0.24350m
=========================== Finished data generation  ===========================

=========================== Starting Training ===========================
epoch: 0	 loss: 1082.15735
epoch: 100	 loss: 919.34009
epoch: 200	 loss: 897.51709
epoch: 300	 loss: 853.88446
epoch: 400	 loss: 844.80237
epoch: 500	 loss: 821.45850
epoch: 600	 loss: 834.43933
epoch: 700	 loss: 824.45532
epoch: 800	 loss: 839.67053
epoch: 900	 loss: 819.38403
epoch: 1000	 loss: 817.77722
epoch: 1100	 loss: 799.46698
epoch: 1200	 loss: 803.02112
epoch: 1300	 loss: 819.59827
epoch: 1400	 loss: 811.16821
epoch: 1500	 loss: 816.30756
epoch: 1600	 loss: 804.86218
epoch: 1700	 loss: 809.63660
epoch: 1800	 loss: 804.79614
epoch: 1900	 loss: 803.90631
=========================== Finished Training ===========================

=========================== Start Sampling ===========================
Num of trajectories: 50000
Num of SDE Steps: 1000
Smallest time step: 0.01
Total time = 0.37086m
=========================== Finished Sampling ===========================

============== data ==============
All data:
 50000 

Processed data:
 17047 

error of mean:
 tensor(0.0023, device='cuda:0') 

error of coviriance:
 tensor(0.0104, device='cuda:0') 

End at Thu Jan 9 12:06:09 CST 2025
