Directory is /home/songpengcheng/project/SAM_torch
This job runs on the following nodes: g0011
This job has allocated 1 cpu cores.
---------------------------------------------
Time is Thu Jan 9 11:39:56 CST 2025
=========================== Starting data generation ===========================
Dataset Size: torch.Size([100000, 343, 3])
Dim: 3
Num of Total Particles: 343
Num of SB-SAM Particles: 343
Total time = 0.25114m
=========================== Finished data generation  ===========================

=========================== Starting Training ===========================
epoch: 0	 loss: 1136.54700
epoch: 100	 loss: 898.59576
epoch: 200	 loss: 798.74579
epoch: 300	 loss: 762.86810
epoch: 400	 loss: 757.71478
epoch: 500	 loss: 746.12250
epoch: 600	 loss: 745.51770
epoch: 700	 loss: 745.61438
epoch: 800	 loss: 743.86621
epoch: 900	 loss: 735.78406
epoch: 1000	 loss: 739.39661
epoch: 1100	 loss: 737.36987
epoch: 1200	 loss: 726.93988
epoch: 1300	 loss: 743.94745
epoch: 1400	 loss: 738.18311
epoch: 1500	 loss: 741.30499
epoch: 1600	 loss: 729.45306
epoch: 1700	 loss: 743.56885
epoch: 1800	 loss: 733.89386
epoch: 1900	 loss: 733.03925
=========================== Finished Training ===========================

=========================== Start Sampling ===========================
Num of trajectories: 50000
Num of SDE Steps: 1000
Smallest time step: 0.01
Total time = 0.37359m
=========================== Finished Sampling ===========================

============== data ==============
All data:
 50000 

Processed data:
 49318 

error of mean:
 tensor(0.0001, device='cuda:0') 

error of coviriance:
 tensor(0.0284, device='cuda:0') 

End at Thu Jan 9 12:21:16 CST 2025
